<?xml version="1.0" encoding="UTF-8"?>
<testsuite xmlns:xsi="http://www.w3.org/2001/XMLSchema-instance" xsi:noNamespaceSchemaLocation="https://maven.apache.org/surefire/maven-surefire-plugin/xsd/surefire-test-report-3.0.xsd" version="3.0" name="exercicio1.TrianguloTest" time="0.251" tests="15" errors="0" skipped="0" failures="0">
  <properties>
[...]
</properties>
  <testcase name="umLadoNegativo_retornaNaoETriangulo" classname="exercicio1.TrianguloTest" time="0.122"/>
  <testcase name="somaDoisLadosMenorTerceiro_perm2_retornaNaoETriangulo" classname="exercicio1.TrianguloTest" time="0.005"/>
  <testcase name="isosceles_permutacao1_AB_retornaIsosceles" classname="exercicio1.TrianguloTest" time="0.005"/>
  <testcase name="somaDoisLadosIgualTerceiro_perm2_retornaNaoETriangulo" classname="exercicio1.TrianguloTest" time="0.002"/>
  <testcase name="tresLadosZero_retornaNaoETriangulo" classname="exercicio1.TrianguloTest" time="0.002"/>
  <testcase name="isosceles_doisLadosIguais_retornaIsosceles" classname="exercicio1.TrianguloTest" time="0.006"/>
  <testcase name="umLadoZero_retornaNaoETriangulo" classname="exercicio1.TrianguloTest" time="0.002"/>
  <testcase name="somaDoisLadosMenorTerceiro_perm1_retornaNaoETriangulo" classname="exercicio1.TrianguloTest" time="0.005"/>
  <testcase name="escaleno_ladosDiferentes_retornaEscaleno" classname="exercicio1.TrianguloTest" time="0.002"/>
  <testcase name="somaDoisLadosMenorTerceiro_perm3_retornaNaoETriangulo" classname="exercicio1.TrianguloTest" time="0.003"/>
  <testcase name="somaDoisLadosIgualTerceiro_perm1_retornaNaoETriangulo" classname="exercicio1.TrianguloTest" time="0.002"/>
  <testcase name="somaDoisLadosIgualTerceiro_perm3_retornaNaoETriangulo" classname="exercicio1.TrianguloTest" time="0.004"/>
  <testcase name="isosceles_permutacao3_BC_retornaIsosceles" classname="exercicio1.TrianguloTest" time="0.004"/>
  <testcase name="equilatero_tresLadosIguais_retornaEquilatero" classname="exercicio1.TrianguloTest" time="0.002"/>
  <testcase name="isosceles_permutacao2_AC_retornaIsosceles" classname="exercicio1.TrianguloTest" time="0.001"/>
</testsuite>